# JRE version: Java(TM) SE Runtime Environment (8.0_05-b13) (build 1.8.0_05-b13)
# Java VM: Java HotSpot(TM) 64-Bit Server VM (25.5-b02 mixed mode windows-amd64 compressed oops)
Heap:
 PSYoungGen      total 58880K, used 38644K [0x00000000eab00000, 0x00000000efe80000, 0x0000000100000000)
  eden space 49664K, 61% used [0x00000000eab00000,0x00000000ec8f4198,0x00000000edb80000)
  from space 9216K, 86% used [0x00000000edb80000,0x00000000ee349170,0x00000000ee480000)
  to   space 10240K, 0% used [0x00000000ef480000,0x00000000ef480000,0x00000000efe80000)
 ParOldGen       total 127488K, used 39885K [0x00000000c0000000, 0x00000000c7c80000, 0x00000000eab00000)
  object space 127488K, 31% used [0x00000000c0000000,0x00000000c26f34a0,0x00000000c7c80000)
 Metaspace       used 6107K, capacity 7030K, committed 7296K, reserved 1058816K
  class space    used 607K, capacity 622K, committed 640K, reserved 1048576K
GC Heap History (10 events):
Event: 9.280 GC heap before
{Heap before GC invocations=23 (full 0):
 PSYoungGen      total 32768K, used 30908K [0x00000000eab00000, 0x00000000ed000000, 0x0000000100000000)
  eden space 27648K, 100% used [0x00000000eab00000,0x00000000ec600000,0x00000000ec600000)
  from space 5120K, 63% used [0x00000000ecb00000,0x00000000ece2f390,0x00000000ed000000)
  to   space 5120K, 0% used [0x00000000ec600000,0x00000000ec600000,0x00000000ecb00000)
 ParOldGen       total 127488K, used 17267K [0x00000000c0000000, 0x00000000c7c80000, 0x00000000eab00000)
  object space 127488K, 13% used [0x00000000c0000000,0x00000000c10dcd20,0x00000000c7c80000)
 Metaspace       used 5927K, capacity 6960K, committed 7040K, reserved 1058816K
  class space    used 586K, capacity 616K, committed 640K, reserved 1048576K
Event: 9.563 GC heap after
Heap after GC invocations=23 (full 0):
 PSYoungGen      total 32768K, used 4573K [0x00000000eab00000, 0x00000000edc00000, 0x0000000100000000)
  eden space 27648K, 0% used [0x00000000eab00000,0x00000000eab00000,0x00000000ec600000)
  from space 5120K, 89% used [0x00000000ec600000,0x00000000eca77678,0x00000000ecb00000)
  to   space 5632K, 0% used [0x00000000ed680000,0x00000000ed680000,0x00000000edc00000)
 ParOldGen       total 127488K, used 20221K [0x00000000c0000000, 0x00000000c7c80000, 0x00000000eab00000)
  object space 127488K, 15% used [0x00000000c0000000,0x00000000c13bf510,0x00000000c7c80000)
 Metaspace       used 5927K, capacity 6960K, committed 7040K, reserved 1058816K
  class space    used 586K, capacity 616K, committed 640K, reserved 1048576K
}
Event: 11.667 GC heap before
{Heap before GC invocations=24 (full 0):
 PSYoungGen      total 32768K, used 32221K [0x00000000eab00000, 0x00000000edc00000, 0x0000000100000000)
  eden space 27648K, 100% used [0x00000000eab00000,0x00000000ec600000,0x00000000ec600000)
  from space 5120K, 89% used [0x00000000ec600000,0x00000000eca77678,0x00000000ecb00000)
  to   space 5632K, 0% used [0x00000000ed680000,0x00000000ed680000,0x00000000edc00000)
 ParOldGen       total 127488K, used 20221K [0x00000000c0000000, 0x00000000c7c80000, 0x00000000eab00000)
  object space 127488K, 15% used [0x00000000c0000000,0x00000000c13bf510,0x00000000c7c80000)
 Metaspace       used 5939K, capacity 6960K, committed 7040K, reserved 1058816K
  class space    used 587K, capacity 616K, committed 640K, reserved 1048576K
Event: 11.976 GC heap after
Heap after GC invocations=24 (full 0):
 PSYoungGen      total 44032K, used 4158K [0x00000000eab00000, 0x00000000edd00000, 0x0000000100000000)
  eden space 38400K, 0% used [0x00000000eab00000,0x00000000eab00000,0x00000000ed080000)
  from space 5632K, 73% used [0x00000000ed680000,0x00000000eda8fa50,0x00000000edc00000)
  to   space 6144K, 0% used [0x00000000ed080000,0x00000000ed080000,0x00000000ed680000)
 ParOldGen       total 127488K, used 24359K [0x00000000c0000000, 0x00000000c7c80000, 0x00000000eab00000)
  object space 127488K, 19% used [0x00000000c0000000,0x00000000c17c9f78,0x00000000c7c80000)
 Metaspace       used 5939K, capacity 6960K, committed 7040K, reserved 1058816K
  class space    used 587K, capacity 616K, committed 640K, reserved 1048576K
}
Event: 13.291 GC heap before
{Heap before GC invocations=25 (full 0):
 PSYoungGen      total 44032K, used 42558K [0x00000000eab00000, 0x00000000edd00000, 0x0000000100000000)
  eden space 38400K, 100% used [0x00000000eab00000,0x00000000ed080000,0x00000000ed080000)
  from space 5632K, 73% used [0x00000000ed680000,0x00000000eda8fa50,0x00000000edc00000)
  to   space 6144K, 0% used [0x00000000ed080000,0x00000000ed080000,0x00000000ed680000)
 ParOldGen       total 127488K, used 24359K [0x00000000c0000000, 0x00000000c7c80000, 0x00000000eab00000)
  object space 127488K, 19% used [0x00000000c0000000,0x00000000c17c9f78,0x00000000c7c80000)
 Metaspace       used 6078K, capacity 7030K, committed 7296K, reserved 1058816K
  class space    used 607K, capacity 622K, committed 640K, reserved 1048576K
Event: 15.044 GC heap after
Heap after GC invocations=25 (full 0):
 PSYoungGen      total 44544K, used 6127K [0x00000000eab00000, 0x00000000eed00000, 0x0000000100000000)
  eden space 38400K, 0% used [0x00000000eab00000,0x00000000eab00000,0x00000000ed080000)
  from space 6144K, 99% used [0x00000000ed080000,0x00000000ed67be38,0x00000000ed680000)
  to   space 8704K, 0% used [0x00000000ee480000,0x00000000ee480000,0x00000000eed00000)
 ParOldGen       total 127488K, used 28525K [0x00000000c0000000, 0x00000000c7c80000, 0x00000000eab00000)
  object space 127488K, 22% used [0x00000000c0000000,0x00000000c1bdb7a8,0x00000000c7c80000)
 Metaspace       used 6078K, capacity 7030K, committed 7296K, reserved 1058816K
  class space    used 607K, capacity 622K, committed 640K, reserved 1048576K
}
Event: 15.523 GC heap before
{Heap before GC invocations=26 (full 0):
 PSYoungGen      total 44544K, used 44527K [0x00000000eab00000, 0x00000000eed00000, 0x0000000100000000)
  eden space 38400K, 100% used [0x00000000eab00000,0x00000000ed080000,0x00000000ed080000)
  from space 6144K, 99% used [0x00000000ed080000,0x00000000ed67be38,0x00000000ed680000)
  to   space 8704K, 0% used [0x00000000ee480000,0x00000000ee480000,0x00000000eed00000)
 ParOldGen       total 127488K, used 28525K [0x00000000c0000000, 0x00000000c7c80000, 0x00000000eab00000)
  object space 127488K, 22% used [0x00000000c0000000,0x00000000c1bdb7a8,0x00000000c7c80000)
 Metaspace       used 6095K, capacity 7030K, committed 7296K, reserved 1058816K
  class space    used 607K, capacity 622K, committed 640K, reserved 1048576K
Event: 16.578 GC heap after
Heap after GC invocations=26 (full 0):
 PSYoungGen      total 58368K, used 5712K [0x00000000eab00000, 0x00000000eee00000, 0x0000000100000000)
  eden space 49664K, 0% used [0x00000000eab00000,0x00000000eab00000,0x00000000edb80000)
  from space 8704K, 65% used [0x00000000ee480000,0x00000000eea14010,0x00000000eed00000)
  to   space 9216K, 0% used [0x00000000edb80000,0x00000000edb80000,0x00000000ee480000)
 ParOldGen       total 127488K, used 34418K [0x00000000c0000000, 0x00000000c7c80000, 0x00000000eab00000)
  object space 127488K, 26% used [0x00000000c0000000,0x00000000c219cbe0,0x00000000c7c80000)
 Metaspace       used 6095K, capacity 7030K, committed 7296K, reserved 1058816K
  class space    used 607K, capacity 622K, committed 640K, reserved 1048576K
}
Event: 19.275 GC heap before
{Heap before GC invocations=27 (full 0):
 PSYoungGen      total 58368K, used 55376K [0x00000000eab00000, 0x00000000eee00000, 0x0000000100000000)
  eden space 49664K, 100% used [0x00000000eab00000,0x00000000edb80000,0x00000000edb80000)
  from space 8704K, 65% used [0x00000000ee480000,0x00000000eea14010,0x00000000eed00000)
  to   space 9216K, 0% used [0x00000000edb80000,0x00000000edb80000,0x00000000ee480000)
 ParOldGen       total 127488K, used 34418K [0x00000000c0000000, 0x00000000c7c80000, 0x00000000eab00000)
  object space 127488K, 26% used [0x00000000c0000000,0x00000000c219cbe0,0x00000000c7c80000)
 Metaspace       used 6105K, capacity 7030K, committed 7296K, reserved 1058816K
  class space    used 607K, capacity 622K, committed 640K, reserved 1048576K
Event: 19.733 GC heap after
Heap after GC invocations=27 (full 0):
 PSYoungGen      total 58880K, used 7972K [0x00000000eab00000, 0x00000000efe80000, 0x0000000100000000)
  eden space 49664K, 0% used [0x00000000eab00000,0x00000000eab00000,0x00000000edb80000)
  from space 9216K, 86% used [0x00000000edb80000,0x00000000ee349170,0x00000000ee480000)
  to   space 10240K, 0% used [0x00000000ef480000,0x00000000ef480000,0x00000000efe80000)
 ParOldGen       total 127488K, used 39885K [0x00000000c0000000, 0x00000000c7c80000, 0x00000000eab00000)
  object space 127488K, 31% used [0x00000000c0000000,0x00000000c26f34a0,0x00000000c7c80000)
 Metaspace       used 6105K, capacity 7030K, committed 7296K, reserved 1058816K
  class space    used 607K, capacity 622K, committed 640K, reserved 1048576K
}

